<?xml version="1.0" encoding="UTF-8"?>
<testng-results skipped="0" failed="0" ignored="0" total="1" passed="1">
  <reporter-output>
    <line>
      <![CDATA[Test passed]]>
    </line>
  </reporter-output>
  <suite name="Default suite" duration-ms="31" started-at="2019-07-21T07:35:18Z" finished-at="2019-07-21T07:35:18Z">
    <groups>
    </groups>
    <test name="Default test" duration-ms="31" started-at="2019-07-21T07:35:18Z" finished-at="2019-07-21T07:35:18Z">
      <class name="Test.DemoTest">
        <test-method status="PASS" signature="test()[pri:0, instance:Test.DemoTest@cb5822]" name="test" duration-ms="15" started-at="2019-07-21T07:35:18Z" finished-at="2019-07-21T07:35:18Z">
          <reporter-output>
            <line>
              <![CDATA[Test passed]]>
            </line>
          </reporter-output>
        </test-method> <!-- test -->
      </class> <!-- Test.DemoTest -->
    </test> <!-- Default test -->
  </suite> <!-- Default suite -->
</testng-results>
